<?xml version='1.0' encoding='UTF-8'?>
<hotspot_log version='160 1' process='8052' time_ms='1721092376681'>
<vm_version>
<name>
OpenJDK 64-Bit Server VM
</name>
<release>
17.0.9+8-b1166.2
</release>
<info>
OpenJDK 64-Bit Server VM (17.0.9+8-b1166.2) for bsd-amd64 JRE (17.0.9+8-b1166.2), built on 2024-01-13 by &quot;builduser&quot; with clang Apple LLVM 13.0.0 (clang-1300.0.29.3)
</info>
</vm_version>
<vm_arguments>
<args>
-XX:+UnlockDiagnosticVMOptions -XX:+LogVMOutput -XX:+EnableDynamicAgentLoading </args>
<command>
/Users/phoenix/Code/DAL/CSCI5308/group04/backend/target/surefire/surefirebooter6454271516580275793.jar /Users/phoenix/Code/DAL/CSCI5308/group04/backend/target/surefire 2024-07-15T22-12-42_552-jvmRun1 surefire13914976579511754081tmp surefire_03753069932401515274tmp
</command>
<launcher>
SUN_STANDARD
</launcher>
<properties>
java.vm.specification.name=Java Virtual Machine Specification
java.vm.version=17.0.9+8-b1166.2
java.vm.name=OpenJDK 64-Bit Server VM
jdk.debug=release
sun.boot.library.path=/Users/phoenix/Library/Java/JavaVirtualMachines/jbr-17.0.9/Contents/Home/lib
java.library.path=/Users/phoenix/Library/Java/Extensions:/Library/Java/Extensions:/Network/Library/Java/Extensions:/System/Library/Java/Extensions:/usr/lib/java:.
java.home=/Users/phoenix/Library/Java/JavaVirtualMachines/jbr-17.0.9/Contents/Home
java.class.path=/Users/phoenix/Code/DAL/CSCI5308/group04/backend/target/surefire/surefirebooter6454271516580275793.jar
jdk.boot.class.path.append=
java.vm.info=mixed mode, sharing
java.vm.specification.vendor=Oracle Corporation
java.vm.specification.version=17
java.vm.vendor=JetBrains s.r.o.
sun.java.command=/Users/phoenix/Code/DAL/CSCI5308/group04/backend/target/surefire/surefirebooter6454271516580275793.jar /Users/phoenix/Code/DAL/CSCI5308/group04/backend/target/surefire 2024-07-15T22-12-42_552-jvmRun1 surefire13914976579511754081tmp surefire_03753069932401515274tmp
sun.java.launcher=SUN_STANDARD
</properties>
</vm_arguments>
<tty>
<writer thread='9731'/>
<blob name='MethodHandlesAdapterBlob' size='4224'>
<sect index='1' size='4224' free='3842'/>
</blob>
<dependency_failed type='leaf_type' ctxk='java/util/HashMap' witness='java/util/LinkedHashMap' stamp='1.706'/>
<dependency_failed type='leaf_type' ctxk='java/util/HashMap' witness='java/util/LinkedHashMap' stamp='1.706'/>
<dependency_failed type='leaf_type' ctxk='java/util/HashMap' witness='java/util/LinkedHashMap' stamp='1.706'/>
<dependency_failed type='leaf_type' ctxk='java/util/HashMap' witness='java/util/LinkedHashMap' stamp='1.706'/>
<dependency_failed type='leaf_type' ctxk='java/util/jar/JarFile' witness='sun/net/www/protocol/jar/URLJarFile' stamp='4.353'/>
<dependency_failed type='leaf_type' ctxk='java/util/jar/JarFile' witness='sun/net/www/protocol/jar/URLJarFile' stamp='4.353'/>
<dependency_failed type='leaf_type' ctxk='java/util/jar/JarFile' witness='sun/net/www/protocol/jar/URLJarFile' stamp='4.353'/>
<dependency_failed type='leaf_type' ctxk='java/util/jar/JarFile' witness='sun/net/www/protocol/jar/URLJarFile' stamp='4.353'/>
<dependency_failed type='leaf_type' ctxk='java/util/jar/JarFile' witness='sun/net/www/protocol/jar/URLJarFile' stamp='4.353'/>
<dependency_failed type='leaf_type' ctxk='java/util/jar/JarFile' witness='sun/net/www/protocol/jar/URLJarFile' stamp='4.353'/>
<dependency_failed type='leaf_type' ctxk='java/util/jar/JarFile' witness='sun/net/www/protocol/jar/URLJarFile' stamp='4.353'/>
<dependency_failed type='leaf_type' ctxk='org/junit/platform/commons/function/Try' witness='org/junit/platform/commons/function/Try$Success' stamp='6.679'/>
<dependency_failed type='leaf_type' ctxk='java/util/ArrayList$Itr' witness='java/util/ArrayList$ListItr' stamp='7.199'/>
<dependency_failed type='unique_concrete_method_4' ctxk='java/lang/reflect/InvocationHandler' x='sun.reflect.annotation.AnnotationInvocationHandler invoke (Ljava/lang/Object;Ljava/lang/reflect/Method;[Ljava/lang/Object;)Ljava/lang/Object;' x2='java/lang/reflect/InvocationHandler' x3='java.lang.reflect.InvocationHandler invoke (Ljava/lang/Object;Ljava/lang/reflect/Method;[Ljava/lang/Object;)Ljava/lang/Object;' witness='java/lang/reflect/InvocationHandler' stamp='7.674'/>
<dependency_failed type='unique_concrete_method_4' ctxk='java/lang/reflect/InvocationHandler' x='sun.reflect.annotation.AnnotationInvocationHandler invoke (Ljava/lang/Object;Ljava/lang/reflect/Method;[Ljava/lang/Object;)Ljava/lang/Object;' x2='java/lang/reflect/InvocationHandler' x3='java.lang.reflect.InvocationHandler invoke (Ljava/lang/Object;Ljava/lang/reflect/Method;[Ljava/lang/Object;)Ljava/lang/Object;' witness='java/lang/reflect/InvocationHandler' stamp='7.674'/>
<dependency_failed type='unique_concrete_method_4' ctxk='java/lang/reflect/InvocationHandler' x='sun.reflect.annotation.AnnotationInvocationHandler invoke (Ljava/lang/Object;Ljava/lang/reflect/Method;[Ljava/lang/Object;)Ljava/lang/Object;' x2='java/lang/reflect/InvocationHandler' x3='java.lang.reflect.InvocationHandler invoke (Ljava/lang/Object;Ljava/lang/reflect/Method;[Ljava/lang/Object;)Ljava/lang/Object;' witness='java/lang/reflect/InvocationHandler' stamp='7.675'/>
<dependency_failed type='unique_concrete_method_4' ctxk='java/lang/reflect/InvocationHandler' x='sun.reflect.annotation.AnnotationInvocationHandler invoke (Ljava/lang/Object;Ljava/lang/reflect/Method;[Ljava/lang/Object;)Ljava/lang/Object;' x2='java/lang/reflect/InvocationHandler' x3='java.lang.reflect.InvocationHandler invoke (Ljava/lang/Object;Ljava/lang/reflect/Method;[Ljava/lang/Object;)Ljava/lang/Object;' witness='java/lang/reflect/InvocationHandler' stamp='7.675'/>
<dependency_failed type='unique_concrete_method_4' ctxk='java/lang/reflect/InvocationHandler' x='sun.reflect.annotation.AnnotationInvocationHandler invoke (Ljava/lang/Object;Ljava/lang/reflect/Method;[Ljava/lang/Object;)Ljava/lang/Object;' x2='java/lang/reflect/InvocationHandler' x3='java.lang.reflect.InvocationHandler invoke (Ljava/lang/Object;Ljava/lang/reflect/Method;[Ljava/lang/Object;)Ljava/lang/Object;' witness='java/lang/reflect/InvocationHandler' stamp='7.675'/>
<dependency_failed type='unique_concrete_method_4' ctxk='java/lang/reflect/InvocationHandler' x='sun.reflect.annotation.AnnotationInvocationHandler invoke (Ljava/lang/Object;Ljava/lang/reflect/Method;[Ljava/lang/Object;)Ljava/lang/Object;' x2='java/lang/reflect/InvocationHandler' x3='java.lang.reflect.InvocationHandler invoke (Ljava/lang/Object;Ljava/lang/reflect/Method;[Ljava/lang/Object;)Ljava/lang/Object;' witness='java/lang/reflect/InvocationHandler' stamp='7.675'/>
<dependency_failed type='unique_concrete_method_4' ctxk='java/lang/reflect/InvocationHandler' x='sun.reflect.annotation.AnnotationInvocationHandler invoke (Ljava/lang/Object;Ljava/lang/reflect/Method;[Ljava/lang/Object;)Ljava/lang/Object;' x2='java/lang/reflect/InvocationHandler' x3='java.lang.reflect.InvocationHandler invoke (Ljava/lang/Object;Ljava/lang/reflect/Method;[Ljava/lang/Object;)Ljava/lang/Object;' witness='java/lang/reflect/InvocationHandler' stamp='7.675'/>
<dependency_failed type='unique_concrete_method_4' ctxk='java/lang/ThreadLocal' x='java.lang.ThreadLocal getMap (Ljava/lang/Thread;)Ljava/lang/ThreadLocal$ThreadLocalMap;' x2='java/lang/ThreadLocal' x3='java.lang.ThreadLocal getMap (Ljava/lang/Thread;)Ljava/lang/ThreadLocal$ThreadLocalMap;' witness='java/lang/InheritableThreadLocal' stamp='11.949'/>
<dependency_failed type='leaf_type' ctxk='java/util/zip/CRC32' witness='sun/util/calendar/ZoneInfoFile$Checksum' stamp='12.326'/>
<dependency_failed type='unique_concrete_method_4' ctxk='java/util/concurrent/ConcurrentMap' x='java.util.concurrent.ConcurrentHashMap remove (Ljava/lang/Object;)Ljava/lang/Object;' x2='java/util/concurrent/ConcurrentMap' x3='java.util.concurrent.ConcurrentMap remove (Ljava/lang/Object;)Ljava/lang/Object;' witness='java/util/concurrent/ConcurrentMap' stamp='12.514'/>
<dependency_failed type='unique_concrete_method_4' ctxk='java/util/concurrent/ConcurrentMap' x='java.util.concurrent.ConcurrentHashMap remove (Ljava/lang/Object;)Ljava/lang/Object;' x2='java/util/concurrent/ConcurrentMap' x3='java.util.concurrent.ConcurrentMap remove (Ljava/lang/Object;)Ljava/lang/Object;' witness='java/util/concurrent/ConcurrentMap' stamp='12.514'/>
<dependency_failed type='unique_concrete_method_4' ctxk='java/util/concurrent/ConcurrentMap' x='java.util.concurrent.ConcurrentHashMap remove (Ljava/lang/Object;)Ljava/lang/Object;' x2='java/util/concurrent/ConcurrentMap' x3='java.util.concurrent.ConcurrentMap remove (Ljava/lang/Object;)Ljava/lang/Object;' witness='java/util/concurrent/ConcurrentMap' stamp='12.515'/>
<dependency_failed type='leaf_type' ctxk='java/util/Properties' witness='java/security/Provider' stamp='12.855'/>
<dependency_failed type='leaf_type' ctxk='java/util/Properties' witness='java/security/Provider' stamp='12.855'/>
<dependency_failed type='leaf_type' ctxk='java/util/Properties' witness='java/security/Provider' stamp='12.855'/>
<dependency_failed type='leaf_type' ctxk='java/util/LinkedHashMap' witness='org/springframework/util/LinkedCaseInsensitiveMap$1' stamp='13.009'/>
<dependency_failed type='leaf_type' ctxk='java/util/LinkedHashMap' witness='org/springframework/util/LinkedCaseInsensitiveMap$1' stamp='13.009'/>
<dependency_failed type='leaf_type' ctxk='java/util/LinkedHashMap' witness='org/springframework/util/LinkedCaseInsensitiveMap$1' stamp='13.009'/>
<dependency_failed type='leaf_type' ctxk='java/util/LinkedHashMap' witness='org/springframework/util/LinkedCaseInsensitiveMap$1' stamp='13.009'/>
<dependency_failed type='leaf_type' ctxk='java/util/LinkedHashMap' witness='org/springframework/util/LinkedCaseInsensitiveMap$1' stamp='13.009'/>
<dependency_failed type='leaf_type' ctxk='java/util/LinkedHashMap' witness='org/springframework/util/LinkedCaseInsensitiveMap$1' stamp='13.009'/>
<dependency_failed type='unique_concrete_method_4' ctxk='java/util/LinkedHashMap' x='java.util.LinkedHashMap removeEldestEntry (Ljava/util/Map$Entry;)Z' x2='java/util/LinkedHashMap' x3='java.util.LinkedHashMap removeEldestEntry (Ljava/util/Map$Entry;)Z' witness='org/springframework/util/LinkedCaseInsensitiveMap$1' stamp='13.011'/>
<dependency_failed type='unique_concrete_method_4' ctxk='java/util/LinkedHashMap' x='java.util.LinkedHashMap removeEldestEntry (Ljava/util/Map$Entry;)Z' x2='java/util/LinkedHashMap' x3='java.util.LinkedHashMap removeEldestEntry (Ljava/util/Map$Entry;)Z' witness='org/springframework/util/LinkedCaseInsensitiveMap$1' stamp='13.011'/>
<dependency_failed type='unique_concrete_method_4' ctxk='java/util/LinkedHashMap' x='java.util.LinkedHashMap removeEldestEntry (Ljava/util/Map$Entry;)Z' x2='java/util/LinkedHashMap' x3='java.util.LinkedHashMap removeEldestEntry (Ljava/util/Map$Entry;)Z' witness='org/springframework/util/LinkedCaseInsensitiveMap$1' stamp='13.011'/>
<dependency_failed type='unique_concrete_method_4' ctxk='java/util/HashMap' x='java.util.HashMap containsKey (Ljava/lang/Object;)Z' x2='java/util/HashMap' x3='java.util.HashMap containsKey (Ljava/lang/Object;)Z' witness='org/springframework/util/LinkedCaseInsensitiveMap$1' stamp='13.011'/>
<dependency_failed type='unique_concrete_method_4' ctxk='java/util/HashMap' x='java.util.HashMap containsKey (Ljava/lang/Object;)Z' x2='java/util/HashMap' x3='java.util.HashMap containsKey (Ljava/lang/Object;)Z' witness='org/springframework/util/LinkedCaseInsensitiveMap$1' stamp='13.011'/>
<dependency_failed type='unique_concrete_method_4' ctxk='java/util/HashMap' x='java.util.HashMap containsKey (Ljava/lang/Object;)Z' x2='java/util/HashMap' x3='java.util.HashMap containsKey (Ljava/lang/Object;)Z' witness='org/springframework/util/LinkedCaseInsensitiveMap$1' stamp='13.011'/>
<dependency_failed type='leaf_type' ctxk='java/util/concurrent/ConcurrentHashMap' witness='com/fasterxml/jackson/core/util/InternCache' stamp='15.821'/>
<dependency_failed type='leaf_type' ctxk='java/util/concurrent/ConcurrentHashMap' witness='com/fasterxml/jackson/core/util/InternCache' stamp='15.821'/>
<dependency_failed type='leaf_type' ctxk='java/util/concurrent/ConcurrentHashMap' witness='com/fasterxml/jackson/core/util/InternCache' stamp='15.821'/>
<dependency_failed type='leaf_type' ctxk='java/util/concurrent/ConcurrentHashMap' witness='com/fasterxml/jackson/core/util/InternCache' stamp='15.821'/>
<dependency_failed type='leaf_type' ctxk='java/util/concurrent/ConcurrentHashMap' witness='com/fasterxml/jackson/core/util/InternCache' stamp='15.821'/>
<dependency_failed type='leaf_type' ctxk='java/util/concurrent/ConcurrentHashMap' witness='com/fasterxml/jackson/core/util/InternCache' stamp='15.821'/>
<dependency_failed type='leaf_type' ctxk='java/util/concurrent/ConcurrentHashMap' witness='com/fasterxml/jackson/core/util/InternCache' stamp='15.821'/>
<dependency_failed type='leaf_type' ctxk='java/util/concurrent/ConcurrentHashMap' witness='com/fasterxml/jackson/core/util/InternCache' stamp='15.821'/>
<dependency_failed type='leaf_type' ctxk='java/util/concurrent/ConcurrentHashMap' witness='com/fasterxml/jackson/core/util/InternCache' stamp='15.821'/>
<dependency_failed type='leaf_type' ctxk='java/util/concurrent/ConcurrentHashMap' witness='com/fasterxml/jackson/core/util/InternCache' stamp='15.821'/>
<dependency_failed type='leaf_type' ctxk='java/util/concurrent/ConcurrentHashMap' witness='com/fasterxml/jackson/core/util/InternCache' stamp='15.821'/>
<dependency_failed type='leaf_type' ctxk='java/util/concurrent/ConcurrentHashMap' witness='com/fasterxml/jackson/core/util/InternCache' stamp='15.821'/>
<dependency_failed type='leaf_type' ctxk='java/util/concurrent/ConcurrentHashMap' witness='com/fasterxml/jackson/core/util/InternCache' stamp='15.821'/>
<dependency_failed type='leaf_type' ctxk='java/util/concurrent/ConcurrentHashMap' witness='com/fasterxml/jackson/core/util/InternCache' stamp='15.821'/>
<dependency_failed type='leaf_type' ctxk='java/util/concurrent/ConcurrentHashMap' witness='com/fasterxml/jackson/core/util/InternCache' stamp='15.821'/>
<dependency_failed type='leaf_type' ctxk='java/util/concurrent/ConcurrentHashMap' witness='com/fasterxml/jackson/core/util/InternCache' stamp='15.821'/>
<dependency_failed type='leaf_type' ctxk='java/util/concurrent/ConcurrentHashMap' witness='com/fasterxml/jackson/core/util/InternCache' stamp='15.821'/>
<dependency_failed type='leaf_type' ctxk='java/util/concurrent/ConcurrentHashMap' witness='com/fasterxml/jackson/core/util/InternCache' stamp='15.821'/>
<dependency_failed type='leaf_type' ctxk='java/io/ByteArrayOutputStream' witness='sun/security/util/DerOutputStream' stamp='16.105'/>
<dependency_failed type='unique_concrete_method_4' ctxk='java/net/URLStreamHandler' x='java.net.URLStreamHandler getDefaultPort ()I' x2='java/net/URLStreamHandler' x3='java.net.URLStreamHandler getDefaultPort ()I' witness='sun/net/www/protocol/http/Handler' stamp='16.214'/>
<tty_done stamp='17.304'/>
</tty>
<hotspot_log_done stamp='17.304'/>
</hotspot_log>
