<?xml version='1.0' encoding='UTF-8'?>
<hotspot_log version='160 1' process='5300' time_ms='1717607856720'>
<vm_version>
<name>
OpenJDK 64-Bit Server VM
</name>
<release>
22.0.1+8-16
</release>
<info>
OpenJDK 64-Bit Server VM (22.0.1+8-16) for windows-amd64 JRE (22.0.1+8-16), built on 2024-03-12T10:33:16Z by &quot;mach5one&quot; with MS VC++ 17.6 (VS2022)
</info>
</vm_version>
<vm_arguments>
<args>
-ea -XX:+UnlockDiagnosticVMOptions -XX:+LogVMOutput -XX:+EnableDynamicAgentLoading -Didea.test.cyclic.buffer.size=1048576 -javaagent:C:\Program Files\JetBrains\IntelliJ IDEA 2024.1\lib\idea_rt.jar=63953:C:\Program Files\JetBrains\IntelliJ IDEA 2024.1\bin -Dfile.encoding=UTF-8 -Dsun.stdout.encoding=UTF-8 -Dsun.stderr.encoding=UTF-8 </args>
<command>
com.intellij.rt.junit.JUnitStarter -ideVersion5 -junit5 com.dal.asdc.reconnect.AuthenticationServiceTest
</command>
<launcher>
SUN_STANDARD
</launcher>
<properties>
java.vm.specification.name=Java Virtual Machine Specification
java.vm.version=22.0.1+8-16
java.vm.name=OpenJDK 64-Bit Server VM
jdk.debug=release
sun.boot.library.path=C:\Users\91869\.jdks\openjdk-22.0.1\bin
java.library.path=C:\Users\91869\.jdks\openjdk-22.0.1\bin;C:\Windows\Sun\Java\bin;C:\Windows\system32;C:\Windows;C:\Python312\Scripts\;C:\Python312\;C:\Program Files\Common Files\Oracle\Java\javapath;C:\Windows\system32;C:\Windows;C:\Windows\System32\Wbem;C:\Windows\System32\WindowsPowerShell\v1.0\;C:\Windows\System32\OpenSSH\;D;C:\Program Files\Git\cmd;C:\Program Files\PuTTY\;C:\Program Files\nodejs\;C:\ProgramData\chocolatey\bin;C:\Program Files\Docker\Docker\resources\bin;C:\Users\91869\Gradle\bin;C:\Users\91869\AppData\Local\Microsoft\WindowsApps;D:\vs code\Microsoft VS Code\bin;D:\Ij\IntelliJ IDEA Community Edition 2022.3.1\bin;;D:\Make\bin;C:\Program Files\JetBrains\IntelliJ IDEA 2024.1\bin;;C:\Users\91869\AppData\Roaming\npm;C:\Users\91869\AppData\Local\Microsoft\WinGet\Packages\AlDanial.Cloc_Microsoft.Winget.Source_8wekyb3d8bbwe;;.
java.home=C:\Users\91869\.jdks\openjdk-22.0.1
java.class.path=C:\Users\91869\.m2\repository\org\junit\platform\junit-platform-launcher\1.10.2\junit-platform-launcher-1.10.2.jar;C:\Program Files\JetBrains\IntelliJ IDEA 2024.1\lib\idea_rt.jar;C:\Program Files\JetBrains\IntelliJ IDEA 2024.1\plugins\junit\lib\junit5-rt.jar;C:\Program Files\JetBrains\IntelliJ IDEA 2024.1\plugins\junit\lib\junit-rt.jar;C:\Users\91869\IdeaProjects\group04\backend\target\test-classes;C:\Users\91869\IdeaProjects\group04\backend\target\classes;C:\Users\91869\.m2\repository\org\springframework\boot\spring-boot-starter-data-jpa\3.3.0\spring-boot-starter-data-jpa-3.3.0.jar;C:\Users\91869\.m2\repository\org\springframework\boot\spring-boot-starter-aop\3.3.0\spring-boot-starter-aop-3.3.0.jar;C:\Users\91869\.m2\repository\org\aspectj\aspectjweaver\1.9.22\aspectjweaver-1.9.22.jar;C:\Users\91869\.m2\repository\org\springframework\boot\spring-boot-starter-jdbc\3.3.0\spring-boot-starter-jdbc-3.3.0.jar;C:\Users\91869\.m2\repository\com\zaxxer\HikariCP\5.1.0\HikariCP-5.1.0.jar;C:\Users\91869\.m2\repository\org\springframework\spring-jdbc\6.1.8\spring-jdbc-6.1.8.jar;C:\Users\91869\.m2\repository\org\hibernate\orm\hibernate-core\6.5.2.Final\hibernate-core-6.5.2.Final.jar;C:\Users\91869\.m2\repository\jakarta\persistence\jakarta.persistence-api\3.1.0\jakarta.persistence-api-3.1.0.jar;C:\Users\91869\.m2\repository\jakarta\transaction\jakarta.transaction-api\2.0.1\jakarta.transaction-api-2.0.1.jar;C:\Users\91869\.m2\repository\org\jboss\logging\jboss-logging\3.5.3.Final\jboss-logging-3.5.3.Final.jar;C:\Users\91869\.m2\repository\org\hibernate\common\hibernate-commons-annotations\6.0.6.Final\hibernate-commons-annotations-6.0.6.Final.jar;C:\Users\91869\.m2\repository\io\smallrye\jandex\3.1.2\jandex-3.1.2.jar;C:\Users\91869\.m2\repository\com\fasterxml\classmate\1.7.0\classmate-1.7.0.jar;C:\Users\91869\.m2\repository\net\bytebuddy\byte-buddy\1.14.16\byte-buddy-1.14.16.jar;C:\Users\91869\.m2\repository\org\glassfish\jaxb\jaxb-runtime\4.0.5\jaxb-runtime-4.0.5.jar;C:\Users\91869\.m2\repository\org\glassfish\jaxb\jaxb-core\4.0.5\jaxb-core-4.0.5.jar;C:\Users\91869\.m2\repository\org\eclipse\angus\angus-activation\2.0.2\angus-activation-2.0.2.jar;C:\Users\91869\.m2\repository\org\glassfish\jaxb\txw2\4.0.5\txw2-4.0.5.jar;C:\Users\91869\.m2\repository\com\sun\istack\istack-commons-runtime\4.1.2\istack-commons-runtime-4.1.2.jar;C:\Users\91869\.m2\repository\jakarta\inject\jakarta.inject-api\2.0.1\jakarta.inject-api-2.0.1.jar;C:\Users\91869\.m2\repository\org\antlr\antlr4-runtime\4.13.0\antlr4-runtime-4.13.0.jar;C:\Users\91869\.m2\repository\org\springframework\data\spring-data-jpa\3.3.0\spring-data-jpa-3.3.0.jar;C:\Users\91869\.m2\repository\org\springframework\data\spring-data-commons\3.3.0\spring-data-commons-3.3.0.jar;C:\Users\91869\.m2\repository\org\springframework\spring-orm\6.1.8\spring-orm-6.1.8.jar;C:\Users\91869\.m2\repository\org\springframework\spring-context\6.1.8\spring-context-6.1.8.jar;C:\Users\91869\.m2\repository\org\springframework\spring-tx\6.1.8\spring-tx-6.1.8.jar;C:\Users\91869\.m2\repository\org\springframework\spring-beans\6.1.8\spring-beans-6.1.8.jar;C:\Users\91869\.m2\repository\jakarta\annotation\jakarta.annotation-api\2.1.1\jakarta.annotation-api-2.1.1.jar;C:\Users\91869\.m2\repository\org\slf4j\slf4j-api\2.0.13\slf4j-api-2.0.13.jar;C:\Users\91869\.m2\repository\org\springframework\spring-aspects\6.1.8\spring-aspects-6.1.8.jar;C:\Users\91869\.m2\repository\org\springframework\boot\spring-boot-starter-security\3.3.0\spring-boot-starter-security-3.3.0.jar;C:\Users\91869\.m2\repository\org\springframework\boot\spring-boot-starter\3.3.0\spring-boot-starter-3.3.0.jar;C:\Users\91869\.m2\repository\org\springframework\boot\spring-boot\3.3.0\spring-boot-3.3.0.jar;C:\Users\91869\.m2\repository\org\springframework\boot\spring-boot-autoconfigure\3.3.0\spring-boot-autoconfigure-3.3.0.jar;C:\Users\91869\.m2\repository\org\springframework\boot\spring-boot-starter-logging\3.3.0\spring-boot-starter-logging-3.3.0.jar;C:\Users\91869\.m2\repository\ch\qos\logback\logback-classic\1.5.6\logback-classic-1.5.6.jar;C:\Users\91869\.m2\repository\ch\qos\logback\logback-core\1.5.6\logback-core-1.5.6.jar;C:\Users\91869\.m2\repository\org\apache\logging\log4j\log4j-to-slf4j\2.23.1\log4j-to-slf4j-2.23.1.jar;C:\Users\91869\.m2\repository\org\apache\logging\log4j\log4j-api\2.23.1\log4j-api-2.23.1.jar;C:\Users\91869\.m2\repository\org\slf4j\jul-to-slf4j\2.0.13\jul-to-slf4j-2.0.13.jar;C:\Users\91869\.m2\repository\org\springframework\spring-aop\6.1.8\spring-aop-6.1.8.jar;C:\Users\91869\.m2\repository\org\springframework\security\spring-security-config\6.3.0\spring-security-config-6.3.0.jar;C:\Users\91869\.m2\repository\org\springframework\security\spring-security-web\6.3.0\spring-security-web-6.3.0.jar;C:\Users\91869\.m2\repository\org\springframework\spring-expression\6.1.8\spring-expression-6.1.8.jar;C:\Users\91869\.m2\repository\org\springframework\boot\spring-boot-starter-web\3.3.0\spring-boot-starter-web-3.3.0.jar;C:\Users\91869\.m2\repository\org\springframework\boot\spring-boot-starter-json\3.3.0\spring-boot-starter-json-3.3.0.jar;C:\Users\91869\.m2\repository\com\fasterxml\jackson\datatype\jackson-datatype-jdk8\2.17.1\jackson-datatype-jdk8-2.17.1.jar;C:\Users\91869\.m2\repository\com\fasterxml\jackson\datatype\jackson-datatype-jsr310\2.17.1\jackson-datatype-jsr310-2.17.1.jar;C:\Users\91869\.m2\repository\com\fasterxml\jackson\module\jackson-module-parameter-names\2.17.1\jackson-module-parameter-names-2.17.1.jar;C:\Users\91869\.m2\repository\org\springframework\boot\spring-boot-starter-tomcat\3.3.0\spring-boot-starter-tomcat-3.3.0.jar;C:\Users\91869\.m2\repository\org\apache\tomcat\embed\tomcat-embed-core\10.1.24\tomcat-embed-core-10.1.24.jar;C:\Users\91869\.m2\repository\org\apache\tomcat\embed\tomcat-embed-el\10.1.24\tomcat-embed-el-10.1.24.jar;C:\Users\91869\.m2\repository\org\apache\tomcat\embed\tomcat-embed-websocket\10.1.24\tomcat-embed-websocket-10.1.24.jar;C:\Users\91869\.m2\repository\org\springframework\spring-web\6.1.8\spring-web-6.1.8.jar;C:\Users\91869\.m2\repository\io\micrometer\micrometer-observation\1.13.0\micrometer-observation-1.13.0.jar;C:\Users\91869\.m2\repository\io\micrometer\micrometer-commons\1.13.0\micrometer-commons-1.13.0.jar;C:\Users\91869\.m2\repository\org\springframework\spring-webmvc\6.1.8\spring-webmvc-6.1.8.jar;C:\Users\91869\.m2\repository\com\mysql\mysql-connector-j\8.3.0\mysql-connector-j-8.3.0.jar;C:\Users\91869\.m2\repository\org\projectlombok\lombok\1.18.32\lombok-1.18.32.jar;C:\Users\91869\.m2\repository\org\springframework\boot\spring-boot-starter-test\3.3.0\spring-boot-starter-test-3.3.0.jar;C:\Users\91869\.m2\repository\org\springframework\boot\spring-boot-test\3.3.0\spring-boot-test-3.3.0.jar;C:\Users\91869\.m2\repository\org\springframework\boot\spring-boot-test-autoconfigure\3.3.0\spring-boot-test-autoconfigure-3.3.0.jar;C:\Users\91869\.m2\repository\com\jayway\jsonpath\json-path\2.9.0\json-path-2.9.0.jar;C:\Users\91869\.m2\repository\jakarta\xml\bind\jakarta.xml.bind-api\4.0.2\jakarta.xml.bind-api-4.0.2.jar;C:\Users\91869\.m2\repository\jakarta\activation\jakarta.activation-api\2.1.3\jakarta.activation-api-2.1.3.jar;C:\Users\91869\.m2\repository\net\minidev\json-smart\2.5.1\json-smart-2.5.1.jar;C:\Users\91869\.m2\repository\net\minidev\accessors-smart\2.5.1\accessors-smart-2.5.1.jar;C:\Users\91869\.m2\repository\org\ow2\asm\asm\9.6\asm-9.6.jar;C:\Users\91869\.m2\repository\org\assertj\assertj-core\3.25.3\assertj-core-3.25.3.jar;C:\Users\91869\.m2\repository\org\awaitility\awaitility\4.2.1\awaitility-4.2.1.jar;C:\Users\91869\.m2\repository\org\hamcrest\hamcrest\2.2\hamcrest-2.2.jar;C:\Users\91869\.m2\repository\org\junit\jupiter\junit-jupiter\5.10.2\junit-jupiter-5.10.2.jar;C:\Users\91869\.m2\repository\org\junit\jupiter\junit-jupiter-api\5.10.2\junit-jupiter-api-5.10.2.jar;C:\Users\91869\.m2\repository\org\opentest4j\opentest4j\1.3.0\opentest4j-1.3.0.jar;C:\Users\91869\.m2\repository\org\junit\platform\junit-platform-commons\1.10.2\junit-platform-commons-1.10.2.jar;C:\Users\91869\.m2\repository\org\apiguardian\apiguardian-api\1.1.2\apiguardian-api-1.1.2.jar;C:\Users\91869\.m2\repository\org\junit\jupiter\junit-jupiter-params\5.10.2\junit-jupiter-params-5.10.2.jar;C:\Users\91869\.m2\repository\org\junit\jupiter\junit-jupiter-engine\5.10.2\junit-jupiter-engine-5.10.2.jar;C:\Users\91869\.m2\repository\org\junit\platform\junit-platform-engine\1.10.2\junit-platform-engine-1.10.2.jar;C:\Users\91869\.m2\repository\org\mockito\mockito-core\5.11.0\mockito-core-5.11.0.jar;C:\Users\91869\.m2\repository\net\bytebuddy\byte-buddy-agent\1.14.16\byte-buddy-agent-1.14.16.jar;C:\Users\91869\.m2\repository\org\objenesis\objenesis\3.3\objenesis-3.3.jar;C:\Users\91869\.m2\repository\org\mockito\mockito-junit-jupiter\5.11.0\mockito-junit-jupiter-5.11.0.jar;C:\Users\91869\.m2\repository\org\skyscreamer\jsonassert\1.5.1\jsonassert-1.5.1.jar;C:\Users\91869\.m2\repository\com\vaadin\external\google\android-json\0.0.20131108.vaadin1\android-json-0.0.20131108.vaadin1.jar;C:\Users\91869\.m2\repository\org\springframework\spring-core\6.1.8\spring-core-6.1.8.jar;C:\Users\91869\.m2\repository\org\springframework\spring-jcl\6.1.8\spring-jcl-6.1.8.jar;C:\Users\91869\.m2\repository\org\springframework\spring-test\6.1.8\spring-test-6.1.8.jar;C:\Users\91869\.m2\repository\org\xmlunit\xmlunit-core\2.9.1\xmlunit-core-2.9.1.jar;C:\Users\91869\.m2\repository\org\springframework\security\spring-security-test\6.3.0\spring-security-test-6.3.0.jar;C:\Users\91869\.m2\repository\org\springframework\security\spring-security-core\6.3.0\spring-security-core-6.3.0.jar;C:\Users\91869\.m2\repository\org\springframework\security\spring-security-crypto\6.3.0\spring-security-crypto-6.3.0.jar;C:\Users\91869\.m2\repository\org\liquibase\liquibase-core\4.27.0\liquibase-core-4.27.0.jar;C:\Users\91869\.m2\repository\com\opencsv\opencsv\5.9\opencsv-5.9.jar;C:\Users\91869\.m2\repository\org\apache\commons\commons-text\1.11.0\commons-text-1.11.0.jar;C:\Users\91869\.m2\repository\org\apache\commons\commons-collections4\4.4\commons-collections4-4.4.jar;C:\Users\91869\.m2\repository\org\yaml\snakeyaml\2.2\snakeyaml-2.2.jar;C:\Users\91869\.m2\repository\javax\xml\bind\jaxb-api\2.3.1\jaxb-api-2.3.1.jar;C:\Users\91869\.m2\repository\org\apache\commons\commons-lang3\3.14.0\commons-lang3-3.14.0.jar;C:\Users\91869\.m2\repository\io\jsonwebtoken\jjwt-api\0.11.5\jjwt-api-0.11.5.jar;C:\Users\91869\.m2\repository\io\jsonwebtoken\jjwt-impl\0.11.5\jjwt-impl-0.11.5.jar;C:\Users\91869\.m2\repository\io\jsonwebtoken\jjwt-jackson\0.11.5\jjwt-jackson-0.11.5.jar;C:\Users\91869\.m2\repository\com\fasterxml\jackson\core\jackson-databind\2.17.1\jackson-databind-2.17.1.jar;C:\Users\91869\.m2\repository\com\fasterxml\jackson\core\jackson-annotations\2.17.1\jackson-annotations-2.17.1.jar;C:\Users\91869\.m2\repository\com\fasterxml\jackson\core\jackson-core\2.17.1\jackson-core-2.17.1.jar
java.vm.info=mixed mode, sharing
java.vm.specification.vendor=Oracle Corporation
java.vm.specification.version=22
java.vm.vendor=Oracle Corporation
idea.test.cyclic.buffer.size=1048576
file.encoding=UTF-8
sun.stdout.encoding=UTF-8
sun.stderr.encoding=UTF-8
sun.java.command=com.intellij.rt.junit.JUnitStarter -ideVersion5 -junit5 com.dal.asdc.reconnect.AuthenticationServiceTest
sun.java.launcher=SUN_STANDARD
</properties>
</vm_arguments>
<tty>
<writer thread='8384'/>
<blob name='MethodHandlesAdapterBlob' total_size='4224'>
<sect index='1' capacity='4224' size='378' remaining='3846'/>
</blob>
<dependency_failed type='leaf_type' ctxk='java/util/HashMap' witness='java/util/LinkedHashMap' stamp='0.182'/>
<writer thread='8212'/>
<dependency_failed type='leaf_type' ctxk='java/util/HashMap' witness='java/util/LinkedHashMap' stamp='0.182'/>
<writer thread='8384'/>
<dependency_failed type='leaf_type' ctxk='java/io/IOException' witness='java/io/UnsupportedEncodingException' stamp='0.448'/>
<dependency_failed type='leaf_type' ctxk='java/util/WeakHashMap' witness='java/lang/ClassValue$ClassValueMap' stamp='0.469'/>
<dependency_failed type='leaf_type' ctxk='java/util/jar/JarFile' witness='sun/net/www/protocol/jar/URLJarFile' stamp='0.620'/>
<dependency_failed type='leaf_type' ctxk='java/util/jar/JarFile' witness='sun/net/www/protocol/jar/URLJarFile' stamp='0.620'/>
<dependency_failed type='leaf_type' ctxk='java/util/jar/JarFile' witness='sun/net/www/protocol/jar/URLJarFile' stamp='0.620'/>
<dependency_failed type='leaf_type' ctxk='java/util/jar/JarFile' witness='sun/net/www/protocol/jar/URLJarFile' stamp='0.620'/>
<dependency_failed type='leaf_type' ctxk='java/util/jar/JarFile' witness='sun/net/www/protocol/jar/URLJarFile' stamp='0.620'/>
<dependency_failed type='leaf_type' ctxk='java/util/jar/JarFile' witness='sun/net/www/protocol/jar/URLJarFile' stamp='0.620'/>
<dependency_failed type='leaf_type' ctxk='java/util/jar/JarFile' witness='sun/net/www/protocol/jar/URLJarFile' stamp='0.620'/>
<dependency_failed type='unique_concrete_method_4' ctxk='jdk/internal/loader/Resource' x='jdk.internal.loader.URLClassPath$JarLoader$2 getInputStream ()Ljava/io/InputStream;' x2='jdk/internal/loader/Resource' x3='jdk.internal.loader.Resource getInputStream ()Ljava/io/InputStream;' witness='jdk/internal/loader/URLClassPath$FileLoader$1' stamp='0.744'/>
<dependency_failed type='unique_concrete_method_4' ctxk='jdk/internal/loader/Resource' x='jdk.internal.loader.URLClassPath$JarLoader$2 getURL ()Ljava/net/URL;' x2='jdk/internal/loader/Resource' x3='jdk.internal.loader.Resource getURL ()Ljava/net/URL;' witness='jdk/internal/loader/URLClassPath$FileLoader$1' stamp='0.744'/>
<dependency_failed type='unique_concrete_method_4' ctxk='java/util/Deque' x='java.util.ArrayDeque poll ()Ljava/lang/Object;' x2='java/util/Deque' x3='java.util.Deque poll ()Ljava/lang/Object;' witness='java/util/Deque' stamp='0.910'/>
<dependency_failed type='leaf_type' ctxk='java/util/ArrayList$Itr' witness='java/util/ArrayList$ListItr' stamp='1.127'/>
<dependency_failed type='leaf_type' ctxk='java/util/ArrayList$Itr' witness='java/util/ArrayList$ListItr' stamp='1.127'/>
<dependency_failed type='abstract_with_unique_concrete_subtype' ctxk='java/lang/CharacterData' x='java/lang/CharacterDataLatin1' witness='java/lang/CharacterData00' stamp='1.145'/>
<dependency_failed type='leaf_type' ctxk='java/lang/SecurityException' witness='java/security/AccessControlException' stamp='1.181'/>
<dependency_failed type='unique_concrete_method_4' ctxk='java/util/HashMap' x='java.util.HashMap containsKey (Ljava/lang/Object;)Z' x2='java/util/HashMap' x3='java.util.HashMap containsKey (Ljava/lang/Object;)Z' witness='java/lang/ProcessEnvironment' stamp='1.222'/>
<dependency_failed type='unique_concrete_method_4' ctxk='java/util/HashMap' x='java.util.HashMap put (Ljava/lang/Object;Ljava/lang/Object;)Ljava/lang/Object;' x2='java/util/HashMap' x3='java.util.HashMap put (Ljava/lang/Object;Ljava/lang/Object;)Ljava/lang/Object;' witness='java/lang/ProcessEnvironment' stamp='1.222'/>
<dependency_failed type='unique_concrete_method_4' ctxk='java/util/HashMap' x='java.util.HashMap put (Ljava/lang/Object;Ljava/lang/Object;)Ljava/lang/Object;' x2='java/util/HashMap' x3='java.util.HashMap put (Ljava/lang/Object;Ljava/lang/Object;)Ljava/lang/Object;' witness='java/lang/ProcessEnvironment' stamp='1.222'/>
<dependency_failed type='unique_concrete_method_4' ctxk='java/util/HashMap' x='java.util.HashMap containsKey (Ljava/lang/Object;)Z' x2='java/util/HashMap' x3='java.util.HashMap containsKey (Ljava/lang/Object;)Z' witness='java/lang/ProcessEnvironment' stamp='1.222'/>
<dependency_failed type='unique_concrete_method_4' ctxk='java/util/HashMap' x='java.util.HashMap containsKey (Ljava/lang/Object;)Z' x2='java/util/HashMap' x3='java.util.HashMap containsKey (Ljava/lang/Object;)Z' witness='java/lang/ProcessEnvironment' stamp='1.222'/>
<dependency_failed type='unique_concrete_method_4' ctxk='java/util/HashMap' x='java.util.HashMap put (Ljava/lang/Object;Ljava/lang/Object;)Ljava/lang/Object;' x2='java/util/HashMap' x3='java.util.HashMap put (Ljava/lang/Object;Ljava/lang/Object;)Ljava/lang/Object;' witness='java/lang/ProcessEnvironment' stamp='1.222'/>
<dependency_failed type='leaf_type' ctxk='java/util/Properties' witness='java/security/Provider' stamp='1.592'/>
<dependency_failed type='leaf_type' ctxk='java/util/Properties' witness='java/security/Provider' stamp='1.592'/>
<dependency_failed type='unique_concrete_method_4' ctxk='java/lang/reflect/InvocationHandler' x='sun.reflect.annotation.AnnotationInvocationHandler invoke (Ljava/lang/Object;Ljava/lang/reflect/Method;[Ljava/lang/Object;)Ljava/lang/Object;' x2='java/lang/reflect/InvocationHandler' x3='java.lang.reflect.InvocationHandler invoke (Ljava/lang/Object;Ljava/lang/reflect/Method;[Ljava/lang/Object;)Ljava/lang/Object;' witness='java/lang/reflect/InvocationHandler' stamp='2.381'/>
<dependency_failed type='unique_concrete_method_4' ctxk='java/lang/reflect/InvocationHandler' x='sun.reflect.annotation.AnnotationInvocationHandler invoke (Ljava/lang/Object;Ljava/lang/reflect/Method;[Ljava/lang/Object;)Ljava/lang/Object;' x2='java/lang/reflect/InvocationHandler' x3='java.lang.reflect.InvocationHandler invoke (Ljava/lang/Object;Ljava/lang/reflect/Method;[Ljava/lang/Object;)Ljava/lang/Object;' witness='java/lang/reflect/InvocationHandler' stamp='2.381'/>
<dependency_failed type='unique_concrete_method_4' ctxk='java/lang/reflect/InvocationHandler' x='sun.reflect.annotation.AnnotationInvocationHandler invoke (Ljava/lang/Object;Ljava/lang/reflect/Method;[Ljava/lang/Object;)Ljava/lang/Object;' x2='java/lang/reflect/InvocationHandler' x3='java.lang.reflect.InvocationHandler invoke (Ljava/lang/Object;Ljava/lang/reflect/Method;[Ljava/lang/Object;)Ljava/lang/Object;' witness='java/lang/reflect/InvocationHandler' stamp='2.381'/>
<statistics type='deoptimization'>
Deoptimization traps recorded:
    52 (100.0%) total
  class_check/maybe_recompile/invokevirtual: 4 (7.7%)
  bimorphic_or_optimized_type_check/maybe_recompile/invokevirtual: 4 (7.7%)
                       constraint/none/nop: 21 (40.4%)
  loop_limit_check/maybe_recompile/if_icmpgt: 1 (1.9%)
               unstable_if/reinterpret/nop: 22 (42.3%)
</statistics>
<tty_done stamp='4.272'/>
</tty>
<hotspot_log_done stamp='4.272'/>
</hotspot_log>
